app/build/intermediates/manifest_merge_blame_file/debug/manifest-merger-blame-debug-report.txt
1<?xml version="1.0" encoding="utf-8"?>
2<manifest xmlns:android="http://schemas.android.com/apk/res/android"
3    package="com.tijara"
4    android:versionCode="1"
5    android:versionName="1.0" >
6
7    <uses-sdk
8        android:minSdkVersion="24"
8-->src/main/AndroidManifest.xml
9        android:targetSdkVersion="33" />
9-->src/main/AndroidManifest.xml
10
11    <uses-permission android:name="android.permission.CAMERA" />
11-->src/main/AndroidManifest.xml:5:5-64
11-->src/main/AndroidManifest.xml:5:22-62
12
13    <permission
13-->[androidx.core:core:1.9.0] AndroidManifest.xml:22:5-24:47
14        android:name="com.tijara.DYNAMIC_RECEIVER_NOT_EXPORTED_PERMISSION"
14-->[androidx.core:core:1.9.0] AndroidManifest.xml:23:9-81
15        android:protectionLevel="signature" />
15-->[androidx.core:core:1.9.0] AndroidManifest.xml:24:9-44
16
17    <uses-permission android:name="com.tijara.DYNAMIC_RECEIVER_NOT_EXPORTED_PERMISSION" /> <!-- Don't require camera, as this requires a rear camera. This allows it to work on the Nexus 7 -->
17-->[androidx.core:core:1.9.0] AndroidManifest.xml:26:5-97
17-->[androidx.core:core:1.9.0] AndroidManifest.xml:26:22-94
18    <uses-feature
18-->[com.journeyapps:zxing-android-embedded:4.3.0] AndroidManifest.xml:25:5-27:36
19        android:name="android.hardware.camera"
19-->[com.journeyapps:zxing-android-embedded:4.3.0] AndroidManifest.xml:26:9-47
20        android:required="false" />
20-->[com.journeyapps:zxing-android-embedded:4.3.0] AndroidManifest.xml:27:9-33
21    <uses-feature
21-->[com.journeyapps:zxing-android-embedded:4.3.0] AndroidManifest.xml:28:5-30:36
22        android:name="android.hardware.camera.front"
22-->[com.journeyapps:zxing-android-embedded:4.3.0] AndroidManifest.xml:29:9-53
23        android:required="false" /> <!-- TODO replace above two with next line after Android 4.2 -->
23-->[com.journeyapps:zxing-android-embedded:4.3.0] AndroidManifest.xml:30:9-33
24    <!-- <uses-feature android:name="android.hardware.camera.any"/> -->
25    <uses-feature
25-->[com.journeyapps:zxing-android-embedded:4.3.0] AndroidManifest.xml:33:5-35:36
26        android:name="android.hardware.camera.autofocus"
26-->[com.journeyapps:zxing-android-embedded:4.3.0] AndroidManifest.xml:34:9-57
27        android:required="false" />
27-->[com.journeyapps:zxing-android-embedded:4.3.0] AndroidManifest.xml:35:9-33
28    <uses-feature
28-->[com.journeyapps:zxing-android-embedded:4.3.0] AndroidManifest.xml:36:5-38:36
29        android:name="android.hardware.camera.flash"
29-->[com.journeyapps:zxing-android-embedded:4.3.0] AndroidManifest.xml:37:9-53
30        android:required="false" />
30-->[com.journeyapps:zxing-android-embedded:4.3.0] AndroidManifest.xml:38:9-33
31    <uses-feature
31-->[com.journeyapps:zxing-android-embedded:4.3.0] AndroidManifest.xml:39:5-41:36
32        android:name="android.hardware.screen.landscape"
32-->[com.journeyapps:zxing-android-embedded:4.3.0] AndroidManifest.xml:40:9-57
33        android:required="false" />
33-->[com.journeyapps:zxing-android-embedded:4.3.0] AndroidManifest.xml:41:9-33
34    <uses-feature
34-->[com.journeyapps:zxing-android-embedded:4.3.0] AndroidManifest.xml:42:5-44:36
35        android:name="android.hardware.wifi"
35-->[com.journeyapps:zxing-android-embedded:4.3.0] AndroidManifest.xml:43:9-45
36        android:required="false" />
36-->[com.journeyapps:zxing-android-embedded:4.3.0] AndroidManifest.xml:44:9-33
37
38    <application
38-->src/main/AndroidManifest.xml:7:5-52:19
39        android:allowBackup="true"
39-->src/main/AndroidManifest.xml:8:9-35
40        android:appComponentFactory="androidx.core.app.CoreComponentFactory"
40-->[androidx.core:core:1.9.0] AndroidManifest.xml:28:18-86
41        android:dataExtractionRules="@xml/data_extraction_rules"
41-->src/main/AndroidManifest.xml:9:9-65
42        android:debuggable="true"
43        android:extractNativeLibs="false"
44        android:fullBackupContent="@xml/backup_rules"
44-->src/main/AndroidManifest.xml:10:9-54
45        android:icon="@mipmap/ic_launcher"
45-->src/main/AndroidManifest.xml:11:9-43
46        android:label="@string/app_name"
46-->src/main/AndroidManifest.xml:12:9-41
47        android:supportsRtl="true"
47-->src/main/AndroidManifest.xml:13:9-35
48        android:testOnly="true"
49        android:theme="@style/Theme.Tijara" >
49-->src/main/AndroidManifest.xml:14:9-44
50        <activity
50-->src/main/AndroidManifest.xml:16:9-21:40
51            android:name="com.tijara.ScanBarcodeActivity"
51-->src/main/AndroidManifest.xml:17:13-48
52            android:exported="false"
52-->src/main/AndroidManifest.xml:21:13-37
53            android:screenOrientation="portrait"
53-->src/main/AndroidManifest.xml:18:13-49
54            android:stateNotNeeded="true"
54-->src/main/AndroidManifest.xml:19:13-42
55            android:theme="@style/zxing_CaptureTheme" />
55-->src/main/AndroidManifest.xml:20:13-54
56        <activity
56-->src/main/AndroidManifest.xml:22:9-24:40
57            android:name="com.tijara.ContentProdukFreeActivity"
57-->src/main/AndroidManifest.xml:23:13-54
58            android:exported="false" />
58-->src/main/AndroidManifest.xml:24:13-37
59        <activity
59-->src/main/AndroidManifest.xml:25:9-27:40
60            android:name="com.tijara.DetailRincianBarangActivity"
60-->src/main/AndroidManifest.xml:26:13-56
61            android:exported="false" />
61-->src/main/AndroidManifest.xml:27:13-37
62        <activity
62-->src/main/AndroidManifest.xml:28:9-30:40
63            android:name="com.tijara.PilihVoucherActivity"
63-->src/main/AndroidManifest.xml:29:13-49
64            android:exported="false" />
64-->src/main/AndroidManifest.xml:30:13-37
65        <activity
65-->src/main/AndroidManifest.xml:31:9-33:40
66            android:name="com.tijara.PembayaranActivity"
66-->src/main/AndroidManifest.xml:32:13-47
67            android:exported="false" />
67-->src/main/AndroidManifest.xml:33:13-37
68        <activity
68-->src/main/AndroidManifest.xml:34:9-36:40
69            android:name="com.tijara.BottonSheetProductActivity"
69-->src/main/AndroidManifest.xml:35:13-55
70            android:exported="false" />
70-->src/main/AndroidManifest.xml:36:13-37
71        <activity
71-->src/main/AndroidManifest.xml:37:9-39:40
72            android:name="com.tijara.TambahBarangActivity"
72-->src/main/AndroidManifest.xml:38:13-49
73            android:exported="false" />
73-->src/main/AndroidManifest.xml:39:13-37
74        <activity
74-->src/main/AndroidManifest.xml:40:9-42:40
75            android:name="com.tijara.Transaksi"
75-->src/main/AndroidManifest.xml:41:13-38
76            android:exported="false" />
76-->src/main/AndroidManifest.xml:42:13-37
77        <activity
77-->src/main/AndroidManifest.xml:43:9-51:20
78            android:name="com.tijara.MainActivity"
78-->src/main/AndroidManifest.xml:44:13-41
79            android:exported="true" >
79-->src/main/AndroidManifest.xml:45:13-36
80            <intent-filter>
80-->src/main/AndroidManifest.xml:46:13-50:29
81                <action android:name="android.intent.action.MAIN" />
81-->src/main/AndroidManifest.xml:47:17-69
81-->src/main/AndroidManifest.xml:47:25-66
82
83                <category android:name="android.intent.category.LAUNCHER" />
83-->src/main/AndroidManifest.xml:49:17-77
83-->src/main/AndroidManifest.xml:49:27-74
84            </intent-filter>
85        </activity>
86
87        <provider
87-->[androidx.emoji2:emoji2:1.2.0] AndroidManifest.xml:24:9-32:20
88            android:name="androidx.startup.InitializationProvider"
88-->[androidx.emoji2:emoji2:1.2.0] AndroidManifest.xml:25:13-67
89            android:authorities="com.tijara.androidx-startup"
89-->[androidx.emoji2:emoji2:1.2.0] AndroidManifest.xml:26:13-68
90            android:exported="false" >
90-->[androidx.emoji2:emoji2:1.2.0] AndroidManifest.xml:27:13-37
91            <meta-data
91-->[androidx.emoji2:emoji2:1.2.0] AndroidManifest.xml:29:13-31:52
92                android:name="androidx.emoji2.text.EmojiCompatInitializer"
92-->[androidx.emoji2:emoji2:1.2.0] AndroidManifest.xml:30:17-75
93                android:value="androidx.startup" />
93-->[androidx.emoji2:emoji2:1.2.0] AndroidManifest.xml:31:17-49
94            <meta-data
94-->[androidx.lifecycle:lifecycle-process:2.4.1] AndroidManifest.xml:31:13-33:52
95                android:name="androidx.lifecycle.ProcessLifecycleInitializer"
95-->[androidx.lifecycle:lifecycle-process:2.4.1] AndroidManifest.xml:32:17-78
96                android:value="androidx.startup" />
96-->[androidx.lifecycle:lifecycle-process:2.4.1] AndroidManifest.xml:33:17-49
97        </provider>
98
99        <activity
99-->[com.journeyapps:zxing-android-embedded:4.3.0] AndroidManifest.xml:47:9-53:63
100            android:name="com.journeyapps.barcodescanner.CaptureActivity"
100-->[com.journeyapps:zxing-android-embedded:4.3.0] AndroidManifest.xml:48:13-74
101            android:clearTaskOnLaunch="true"
101-->[com.journeyapps:zxing-android-embedded:4.3.0] AndroidManifest.xml:49:13-45
102            android:screenOrientation="sensorLandscape"
102-->[com.journeyapps:zxing-android-embedded:4.3.0] AndroidManifest.xml:50:13-56
103            android:stateNotNeeded="true"
103-->[com.journeyapps:zxing-android-embedded:4.3.0] AndroidManifest.xml:51:13-42
104            android:theme="@style/zxing_CaptureTheme"
104-->[com.journeyapps:zxing-android-embedded:4.3.0] AndroidManifest.xml:52:13-54
105            android:windowSoftInputMode="stateAlwaysHidden" />
105-->[com.journeyapps:zxing-android-embedded:4.3.0] AndroidManifest.xml:53:13-60
106    </application>
107
108</manifest>